<?xml version="1.0" encoding="UTF-8"?>
<testng-results ignored="0" total="3" passed="3" failed="0" skipped="0">
  <reporter-output>
  </reporter-output>
  <suite started-at="2024-08-25T21:52:30 PDT" name="Suite" finished-at="2024-08-25T21:52:36 PDT" duration-ms="6192">
    <groups>
    </groups>
    <test started-at="2024-08-25T21:52:30 PDT" name="ChromeTest" finished-at="2024-08-25T21:52:34 PDT" duration-ms="3932">
      <class name="com.parallelTest.ParallelTestNG">
        <test-method signature="LaunchChromeBrowser(java.lang.String)[pri:0, instance:com.parallelTest.ParallelTestNG@59fd97a8]" started-at="2024-08-25T21:52:30 PDT" name="LaunchChromeBrowser" finished-at="2024-08-25T21:52:34 PDT" duration-ms="3883" status="PASS">
          <params>
            <param index="0">
              <value>
                <![CDATA[Chrome]]>
              </value>
            </param>
          </params>
          <reporter-output>
          </reporter-output>
        </test-method> <!-- LaunchChromeBrowser -->
      </class> <!-- com.parallelTest.ParallelTestNG -->
    </test> <!-- ChromeTest -->
    <test started-at="2024-08-25T21:52:30 PDT" name="EdgeTest" finished-at="2024-08-25T21:52:36 PDT" duration-ms="5815">
      <class name="com.parallelTest.ParallelTestNG">
        <test-method signature="LaunchChromeBrowser(java.lang.String)[pri:0, instance:com.parallelTest.ParallelTestNG@7f3b84b8]" started-at="2024-08-25T21:52:30 PDT" name="LaunchChromeBrowser" finished-at="2024-08-25T21:52:36 PDT" duration-ms="5771" status="PASS">
          <params>
            <param index="0">
              <value>
                <![CDATA[Edge]]>
              </value>
            </param>
          </params>
          <reporter-output>
          </reporter-output>
        </test-method> <!-- LaunchChromeBrowser -->
      </class> <!-- com.parallelTest.ParallelTestNG -->
    </test> <!-- EdgeTest -->
    <test started-at="2024-08-25T21:52:30 PDT" name="FirefoxTest" finished-at="2024-08-25T21:52:36 PDT" duration-ms="6192">
      <class name="com.parallelTest.ParallelTestNG">
        <test-method signature="LaunchChromeBrowser(java.lang.String)[pri:0, instance:com.parallelTest.ParallelTestNG@3febb011]" started-at="2024-08-25T21:52:30 PDT" name="LaunchChromeBrowser" finished-at="2024-08-25T21:52:36 PDT" duration-ms="6147" status="PASS">
          <params>
            <param index="0">
              <value>
                <![CDATA[Firefox]]>
              </value>
            </param>
          </params>
          <reporter-output>
          </reporter-output>
        </test-method> <!-- LaunchChromeBrowser -->
      </class> <!-- com.parallelTest.ParallelTestNG -->
    </test> <!-- FirefoxTest -->
  </suite> <!-- Suite -->
</testng-results>
